<?xml version="1.0" encoding="UTF-8"?>
<testng-results ignored="0" total="2" passed="2" failed="0" skipped="0">
  <reporter-output>
  </reporter-output>
  <suite started-at="2023-05-24T18:57:20 IST" name="Default suite" finished-at="2023-05-24T18:57:29 IST" duration-ms="8491">
    <groups>
    </groups>
    <test started-at="2023-05-24T18:57:20 IST" name="Default test" finished-at="2023-05-24T18:57:29 IST" duration-ms="8491">
      <class name="testscript.Runner">
        <test-method is-config="true" signature="openappl()[pri:0, instance:testscript.Runner@15aab8c6]" started-at="2023-05-24T18:57:20 IST" name="openappl" finished-at="2023-05-24T18:57:24 IST" duration-ms="3832" status="PASS">
          <reporter-output>
          </reporter-output>
        </test-method> <!-- openappl -->
        <test-method signature="ru(java.lang.String,java.lang.String)[pri:0, instance:testscript.Runner@15aab8c6]" started-at="2023-05-24T18:57:24 IST" name="ru" data-provider="testdata" finished-at="2023-05-24T18:57:25 IST" duration-ms="549" status="PASS">
          <params>
            <param index="0">
              <value>
                <![CDATA[8431000296]]>
              </value>
            </param>
            <param index="1">
              <value>
                <![CDATA[sangam@73]]>
              </value>
            </param>
          </params>
          <reporter-output>
          </reporter-output>
        </test-method> <!-- ru -->
        <test-method is-config="true" signature="closeappln(org.testng.ITestResult)[pri:0, instance:testscript.Runner@15aab8c6]" started-at="2023-05-24T18:57:25 IST" name="closeappln" finished-at="2023-05-24T18:57:25 IST" duration-ms="259" status="PASS">
          <params>
            <param index="0">
              <value>
                <![CDATA[[TestResult name=ru status=SUCCESS method=Runner.ru(java.lang.String,java.lang.String)[pri:0, instance:testscript.Runner@15aab8c6] output={null}]]]>
              </value>
            </param>
          </params>
          <reporter-output>
          </reporter-output>
        </test-method> <!-- closeappln -->
        <test-method is-config="true" signature="openappl()[pri:0, instance:testscript.Runner@15aab8c6]" started-at="2023-05-24T18:57:25 IST" name="openappl" finished-at="2023-05-24T18:57:29 IST" duration-ms="3430" status="PASS">
          <reporter-output>
          </reporter-output>
        </test-method> <!-- openappl -->
        <test-method signature="ru(java.lang.String,java.lang.String)[pri:0, instance:testscript.Runner@15aab8c6]" started-at="2023-05-24T18:57:29 IST" name="ru" data-provider="testdata" finished-at="2023-05-24T18:57:29 IST" duration-ms="214" status="PASS">
          <params>
            <param index="0">
              <value>
                <![CDATA[sagar]]>
              </value>
            </param>
            <param index="1">
              <value>
                <![CDATA[4567]]>
              </value>
            </param>
          </params>
          <reporter-output>
          </reporter-output>
        </test-method> <!-- ru -->
        <test-method is-config="true" signature="closeappln(org.testng.ITestResult)[pri:0, instance:testscript.Runner@15aab8c6]" started-at="2023-05-24T18:57:29 IST" name="closeappln" finished-at="2023-05-24T18:57:29 IST" duration-ms="160" status="PASS">
          <params>
            <param index="0">
              <value>
                <![CDATA[[TestResult name=ru status=SUCCESS method=Runner.ru(java.lang.String,java.lang.String)[pri:0, instance:testscript.Runner@15aab8c6] output={null}]]]>
              </value>
            </param>
          </params>
          <reporter-output>
          </reporter-output>
        </test-method> <!-- closeappln -->
      </class> <!-- testscript.Runner -->
    </test> <!-- Default test -->
  </suite> <!-- Default suite -->
</testng-results>
